<?xml version="1.0" encoding="UTF-8"?><testrun name="UnitTests" project="SciComs" tests="19" started="19" failures="1" errors="0" ignored="0">
  <testsuite name="tests.UnitTests" time="1.189">
    <testcase name="robotTest1" classname="tests.UnitTests" time="0.138"/>
    <testcase name="robotTest2" classname="tests.UnitTests" time="1.017">
      <failure>java.lang.AssertionError
	at org.junit.Assert.fail(Assert.java:86)
	at org.junit.Assert.assertTrue(Assert.java:41)
	at org.junit.Assert.assertTrue(Assert.java:52)
	at tests.UnitTests.robotTest2(UnitTests.java:217)
	at sun.reflect.NativeMethodAccessorImpl.invoke0(Native Method)
	at sun.reflect.NativeMethodAccessorImpl.invoke(NativeMethodAccessorImpl.java:62)
	at sun.reflect.DelegatingMethodAccessorImpl.invoke(DelegatingMethodAccessorImpl.java:43)
	at java.lang.reflect.Method.invoke(Method.java:498)
	at org.junit.runners.model.FrameworkMethod$1.runReflectiveCall(FrameworkMethod.java:50)
	at org.junit.internal.runners.model.ReflectiveCallable.run(ReflectiveCallable.java:12)
	at org.junit.runners.model.FrameworkMethod.invokeExplosively(FrameworkMethod.java:47)
	at org.junit.internal.runners.statements.InvokeMethod.evaluate(InvokeMethod.java:17)
	at org.junit.runners.ParentRunner.runLeaf(ParentRunner.java:325)
	at org.junit.runners.BlockJUnit4ClassRunner.runChild(BlockJUnit4ClassRunner.java:78)
	at org.junit.runners.BlockJUnit4ClassRunner.runChild(BlockJUnit4ClassRunner.java:57)
	at org.junit.runners.ParentRunner$3.run(ParentRunner.java:290)
	at org.junit.runners.ParentRunner$1.schedule(ParentRunner.java:71)
	at org.junit.runners.ParentRunner.runChildren(ParentRunner.java:288)
	at org.junit.runners.ParentRunner.access$000(ParentRunner.java:58)
	at org.junit.runners.ParentRunner$2.evaluate(ParentRunner.java:268)
	at org.junit.runners.ParentRunner.run(ParentRunner.java:363)
	at org.eclipse.jdt.internal.junit4.runner.JUnit4TestReference.run(JUnit4TestReference.java:86)
	at org.eclipse.jdt.internal.junit.runner.TestExecution.run(TestExecution.java:38)
	at org.eclipse.jdt.internal.junit.runner.RemoteTestRunner.runTests(RemoteTestRunner.java:459)
	at org.eclipse.jdt.internal.junit.runner.RemoteTestRunner.runTests(RemoteTestRunner.java:678)
	at org.eclipse.jdt.internal.junit.runner.RemoteTestRunner.run(RemoteTestRunner.java:382)
	at org.eclipse.jdt.internal.junit.runner.RemoteTestRunner.main(RemoteTestRunner.java:192)

</failure>
    </testcase>
    <testcase name="sensorSampleTest1" classname="tests.UnitTests" time="0.001"/>
    <testcase name="sensorSampleTest2" classname="tests.UnitTests" time="0.0"/>
    <testcase name="sampleTypeTest1" classname="tests.UnitTests" time="0.001"/>
    <testcase name="sampleTypeTest2" classname="tests.UnitTests" time="0.0"/>
    <testcase name="sampleTypeTest3" classname="tests.UnitTests" time="0.0"/>
    <testcase name="sampleTypeTest4" classname="tests.UnitTests" time="0.0"/>
    <testcase name="sampleTypeTest5" classname="tests.UnitTests" time="0.0"/>
    <testcase name="sampleTypeTest6" classname="tests.UnitTests" time="0.0"/>
    <testcase name="sampleTypeTest7" classname="tests.UnitTests" time="0.0"/>
    <testcase name="sampleTypeTest8" classname="tests.UnitTests" time="0.0"/>
    <testcase name="sampleTypeTest9" classname="tests.UnitTests" time="0.001"/>
    <testcase name="sensorTest1" classname="tests.UnitTests" time="0.0"/>
    <testcase name="sensorTest2" classname="tests.UnitTests" time="0.001"/>
    <testcase name="sensorTest3" classname="tests.UnitTests" time="0.014"/>
    <testcase name="sensorTest4" classname="tests.UnitTests" time="0.015"/>
    <testcase name="ringBufferTest1" classname="tests.UnitTests" time="0.0"/>
    <testcase name="ringBufferTest2" classname="tests.UnitTests" time="0.001"/>
  </testsuite>
</testrun>
